2012-10-04 15:40:59.327 ExampleHTML5AudioStreaming[28570:c07] Multi-tasking -> Device: YES, App: YES
2012-10-04 15:41:03.906 ExampleHTML5AudioStreaming[28570:c07] [MPAVController] Autoplay: Enabling autoplay
2012-10-04 15:41:03.908 ExampleHTML5AudioStreaming[28570:c07] [MPAVController] Autoplay: Disabling autoplay for pause
2012-10-04 15:41:03.909 ExampleHTML5AudioStreaming[28570:c07] [MPAVController] Autoplay: Disabling autoplay
2012-10-04 15:41:03.917 ExampleHTML5AudioStreaming[28570:c07] [MPAVController] Autoplay: Skipping autoplay, disabled (for current item: 1, on player: 1)
2012-10-04 15:41:03.917 ExampleHTML5AudioStreaming[28570:c07] setting movie path: http://streaming507.com:9996/
2012-10-04 15:41:03.918 ExampleHTML5AudioStreaming[28570:c07] [MPAVController] Autoplay: Enabling autoplay
2012-10-04 15:41:03.921 ExampleHTML5AudioStreaming[28570:c07] [MPCloudAssetDownloadController] Prioritization requested for media item ID: 0
2012-10-04 15:41:05.357 ExampleHTML5AudioStreaming[28570:c07] [MPAVController] Autoplay: Disabling autoplay for pause
2012-10-04 15:41:05.357 ExampleHTML5AudioStreaming[28570:c07] [MPAVController] Autoplay: Disabling autoplay
2012-10-04 15:41:05.358 ExampleHTML5AudioStreaming[28570:c07] [MPAVController] Autoplay: Enabling autoplay
2012-10-04 15:41:05.361 ExampleHTML5AudioStreaming[28570:c07] [MPAVController] Autoplay: Disabling autoplay for pause
2012-10-04 15:41:05.361 ExampleHTML5AudioStreaming[28570:c07] [MPAVController] Autoplay: Disabling autoplay
2012-10-04 15:41:05.369 ExampleHTML5AudioStreaming[28570:c07] [MPAVController] Autoplay: Skipping autoplay, disabled (for current item: 1, on player: 1)
2012-10-04 15:41:05.370 ExampleHTML5AudioStreaming[28570:c07] setting movie path: http://streaming507.com:9996/
2012-10-04 15:41:05.370 ExampleHTML5AudioStreaming[28570:c07] [MPAVController] Autoplay: Enabling autoplay
2012-10-04 15:41:05.372 ExampleHTML5AudioStreaming[28570:c07] [MPCloudAssetDownloadController] Prioritization requested for media item ID: 0
2012-10-04 15:41:08.709 ExampleHTML5AudioStreaming[28570:c07] [MPAVController] Autoplay: Skipping autoplay, disabled (for current item: 1, on player: 1)
2012-10-04 15:41:08.709 ExampleHTML5AudioStreaming[28570:c07] [MPAVController] Autoplay: _streamLikelyToKeepUp: 0 -> 1
2012-10-04 15:41:08.710 ExampleHTML5AudioStreaming[28570:c07] [MPAVController] Autoplay: Skipping autoplay, disabled (for current item: 1, on player: 1)
2012-10-04 15:41:10.078 ExampleHTML5AudioStreaming[28570:c07] [MPAVController] Autoplay: Skipping autoplay, disabled (for current item: 0, on player: 1)
2012-10-04 15:41:10.079 ExampleHTML5AudioStreaming[28570:c07] [MPAVController] Autoplay: _streamLikelyToKeepUp: 0 -> 1
2012-10-04 15:41:10.079 ExampleHTML5AudioStreaming[28570:c07] [MPAVController] Autoplay: Skipping autoplay, disabled (for current item: 0, on player: 1)
2012-10-04 15:41:10.083 ExampleHTML5AudioStreaming[28570:c07] [MPAVController] Autoplay: Enabling autoplay
2012-10-04 15:41:13.921 ExampleHTML5AudioStreaming[28570:c07] [MPAVController] Autoplay: Disabling autoplay for pause
2012-10-04 15:41:13.922 ExampleHTML5AudioStreaming[28570:c07] [MPAVController] Autoplay: Disabling autoplay
Terminating in response to SpringBoard's termination.
2012-10-04 15:42:14.135 ExampleHTML5AudioStreaming[28806:c07] Multi-tasking -> Device: YES, App: YES
2012-10-04 15:42:16.463 ExampleHTML5AudioStreaming[28806:c07] [MPAVController] Autoplay: Enabling autoplay
2012-10-04 15:42:16.466 ExampleHTML5AudioStreaming[28806:c07] [MPAVController] Autoplay: Disabling autoplay for pause
2012-10-04 15:42:16.466 ExampleHTML5AudioStreaming[28806:c07] [MPAVController] Autoplay: Disabling autoplay
2012-10-04 15:42:16.475 ExampleHTML5AudioStreaming[28806:c07] [MPAVController] Autoplay: Skipping autoplay, disabled (for current item: 1, on player: 1)
2012-10-04 15:42:16.476 ExampleHTML5AudioStreaming[28806:c07] setting movie path: http://stream.4zzzfm.org.au:789/
2012-10-04 15:42:16.476 ExampleHTML5AudioStreaming[28806:c07] [MPAVController] Autoplay: Enabling autoplay
2012-10-04 15:42:16.479 ExampleHTML5AudioStreaming[28806:c07] [MPCloudAssetDownloadController] Prioritization requested for media item ID: 0
2012-10-04 15:42:26.007 ExampleHTML5AudioStreaming[28806:c07] [MPAVController] Autoplay: Skipping autoplay, disabled (for current item: 0, on player: 1)
2012-10-04 15:42:26.008 ExampleHTML5AudioStreaming[28806:c07] [MPAVController] Autoplay: _streamLikelyToKeepUp: 0 -> 1
2012-10-04 15:42:26.009 ExampleHTML5AudioStreaming[28806:c07] [MPAVController] Autoplay: Skipping autoplay, disabled (for current item: 0, on player: 1)
2012-10-04 15:42:26.020 ExampleHTML5AudioStreaming[28806:c07] [MPAVController] Autoplay: Enabling autoplay
2012-10-04 15:42:32.656 ExampleHTML5AudioStreaming[28806:c07] [MPAVController] Autoplay: Disabling autoplay for pause
2012-10-04 15:42:32.656 ExampleHTML5AudioStreaming[28806:c07] [MPAVController] Autoplay: Disabling autoplay
Terminating in response to SpringBoard's termination.
